Using pre-set license
Built from '2021.1/staging' branch; Version is '2021.1.3f1 (4bef613afd59) revision 4976481'; Using compiler version '192528614'; Build Type 'Release'
OS: 'Windows 10 Pro; OS build 19042.1288; Version 2009; 64bit' Language: 'pt' Physical Memory: 16315 MB
BatchMode: 1, IsHumanControllingUs: 0, StartBugReporterOnCrash: 0, Is64bit: 1, IsPro: 0

 COMMAND LINE ARGUMENTS:
C:\Program Files\Unity\Hub\Editor\2021.1.3f1\Editor\Unity.exe
-adb2
-batchMode
-noUpm
-name
AssetImportWorker0
-projectPath
E:/Unity_projects/ekkoNovo/world-of-ekko/world of ekko
-logFile
Logs/AssetImportWorker0.log
-srvPort
61673
Successfully changed project path to: E:/Unity_projects/ekkoNovo/world-of-ekko/world of ekko
E:/Unity_projects/ekkoNovo/world-of-ekko/world of ekko
Using Asset Import Pipeline V2.
Refreshing native plugins compatible for Editor in 125.75 ms, found 2 plugins.
Preloading 0 native plugins for Editor in 0.00 ms.
Initialize engine version: 2021.1.3f1 (4bef613afd59)
[Subsystems] Discovering subsystems at path C:/Program Files/Unity/Hub/Editor/2021.1.3f1/Editor/Data/Resources/UnitySubsystems
[Subsystems] Discovering subsystems at path E:/Unity_projects/ekkoNovo/world-of-ekko/world of ekko/Assets
GfxDevice: creating device client; threaded=0; jobified=0
Direct3D:
    Version:  Direct3D 11.0 [level 11.1]
    Renderer: Radeon RX 580 Series (ID=0x67df)
    Vendor:   ATI
    VRAM:     8171 MB
    Driver:   30.0.13017.5006
Initialize mono
Mono path[0] = 'C:/Program Files/Unity/Hub/Editor/2021.1.3f1/Editor/Data/Managed'
Mono path[1] = 'C:/Program Files/Unity/Hub/Editor/2021.1.3f1/Editor/Data/MonoBleedingEdge/lib/mono/unityjit'
Mono config path = 'C:/Program Files/Unity/Hub/Editor/2021.1.3f1/Editor/Data/MonoBleedingEdge/etc'
Using monoOptions --debugger-agent=transport=dt_socket,embedding=1,server=y,suspend=n,address=127.0.0.1:56724
Begin MonoManager ReloadAssembly
Registering precompiled unity dll's ...
Register platform support module: C:/Program Files/Unity/Hub/Editor/2021.1.3f1/Editor/Data/PlaybackEngines/WindowsStandaloneSupport/UnityEditor.WindowsStandalone.Extensions.dll
Registered in 0.002963 seconds.
Native extension for WindowsStandalone target not found
Refreshing native plugins compatible for Editor in 148.52 ms, found 2 plugins.
Preloading 0 native plugins for Editor in 0.00 ms.
Mono: successfully reloaded assembly
- Completed reload, in  2.065 seconds
Platform modules already initialized, skipping
Registering precompiled user dll's ...
Registered in 0.006270 seconds.
Begin MonoManager ReloadAssembly
Native extension for WindowsStandalone target not found
Refreshing native plugins compatible for Editor in 136.22 ms, found 2 plugins.
Preloading 0 native plugins for Editor in 0.00 ms.
Mono: successfully reloaded assembly
- Completed reload, in  1.607 seconds
Platform modules already initialized, skipping
========================================================================
Worker process is ready to serve import requests
Launched and connected shader compiler UnityShaderCompiler.exe after 0.05 seconds
Refreshing native plugins compatible for Editor in 1.09 ms, found 2 plugins.
Preloading 0 native plugins for Editor in 0.00 ms.
Unloading 3370 Unused Serialized files (Serialized files now loaded: 0)
System memory in use before: 127.9 MB.
System memory in use after: 128.0 MB.

Unloading 29 unused Assets to reduce memory usage. Loaded Objects now: 3822.
Total: 5.113900 ms (FindLiveObjects: 0.684200 ms CreateObjectMapping: 0.420100 ms MarkObjects: 3.854800 ms  DeleteObjects: 0.153000 ms)

========================================================================
Received Import Request.
  path: Assets/Animation/Peord/Sprite.controller
  artifactKey: Guid(fa73beaa605cae54280dc7ae98bccf51) Importer(815301076,1909f56bfc062723c751e8b465ee728b)
Start importing Assets/Animation/Peord/Sprite.controller using Guid(fa73beaa605cae54280dc7ae98bccf51) Importer(815301076,1909f56bfc062723c751e8b465ee728b)  -> (artifact id: '78f1c1854e2ac5b0246322be23c2784f') in 0.047701 seconds 
========================================================================
Received Import Request.
  Time since last request: 0.000253 seconds.
  path: Assets/Animation/Peord
  artifactKey: Guid(d52c87fcf8581df4f9b25b8d200a39be) Importer(815301076,1909f56bfc062723c751e8b465ee728b)
Start importing Assets/Animation/Peord using Guid(d52c87fcf8581df4f9b25b8d200a39be) Importer(815301076,1909f56bfc062723c751e8b465ee728b)  -> (artifact id: '493aa4a0352ec5b8ea262aeaa6e92366') in 0.002424 seconds 
========================================================================
Received Import Request.
  Time since last request: 0.204409 seconds.
  path: Assets/Animation/Peord/PeordController.controller
  artifactKey: Guid(fa73beaa605cae54280dc7ae98bccf51) Importer(815301076,1909f56bfc062723c751e8b465ee728b)
Start importing Assets/Animation/Peord/PeordController.controller using Guid(fa73beaa605cae54280dc7ae98bccf51) Importer(815301076,1909f56bfc062723c751e8b465ee728b)  -> (artifact id: '10b6974a63f05e4924241e16c6488188') in 0.010914 seconds 
========================================================================
Received Import Request.
  Time since last request: 1114.407426 seconds.
  path: Assets
  artifactKey: Guid(00000000000000001000000000000000) Importer(815301076,1909f56bfc062723c751e8b465ee728b)
Start importing Assets using Guid(00000000000000001000000000000000) Importer(815301076,1909f56bfc062723c751e8b465ee728b)  -> (artifact id: 'efcc68737208a1d7a8581e190ec11b99') in 0.011005 seconds 
========================================================================
Received Import Request.
  Time since last request: 4.738400 seconds.
  path: Assets/Scripts
  artifactKey: Guid(efc5d8c66cdabb546a220e40cdb6e6fe) Importer(815301076,1909f56bfc062723c751e8b465ee728b)
Start importing Assets/Scripts using Guid(efc5d8c66cdabb546a220e40cdb6e6fe) Importer(815301076,1909f56bfc062723c751e8b465ee728b)  -> (artifact id: 'bebba36490afbb953eaefeaa948cda11') in 0.012117 seconds 
========================================================================
Received Import Request.
  Time since last request: 17.973105 seconds.
  path: Assets/Scripts/PlayerControl.cs
  artifactKey: Guid(a81e0f831ec5cc241beb5760da6cf7a2) Importer(815301076,1909f56bfc062723c751e8b465ee728b)
Start importing Assets/Scripts/PlayerControl.cs using Guid(a81e0f831ec5cc241beb5760da6cf7a2) Importer(815301076,1909f56bfc062723c751e8b465ee728b)  -> (artifact id: 'd9974a4d8c0578b1a82eba279d5b7813') in 0.024719 seconds 
========================================================================
Received Prepare
Registering precompiled user dll's ...
Registered in 0.005523 seconds.
Begin MonoManager ReloadAssembly
Native extension for WindowsStandalone target not found
Refreshing native plugins compatible for Editor in 0.78 ms, found 2 plugins.
Preloading 0 native plugins for Editor in 0.00 ms.
Mono: successfully reloaded assembly
- Completed reload, in  1.479 seconds
Platform modules already initialized, skipping
Refreshing native plugins compatible for Editor in 1.19 ms, found 2 plugins.
Preloading 0 native plugins for Editor in 0.00 ms.
Unloading 3366 Unused Serialized files (Serialized files now loaded: 0)
System memory in use before: 128.0 MB.
System memory in use after: 128.1 MB.

Unloading 17 unused Assets to reduce memory usage. Loaded Objects now: 3827.
Total: 3.826400 ms (FindLiveObjects: 0.469500 ms CreateObjectMapping: 0.202600 ms MarkObjects: 2.995600 ms  DeleteObjects: 0.156200 ms)

========================================================================
Received Import Request.
  Time since last request: 40.657659 seconds.
  path: Assets/Animation/Argus/Walking.anim
  artifactKey: Guid(70538c9068f1d504ebee7bae7b94f40d) Importer(815301076,1909f56bfc062723c751e8b465ee728b)
Start importing Assets/Animation/Argus/Walking.anim using Guid(70538c9068f1d504ebee7bae7b94f40d) Importer(815301076,1909f56bfc062723c751e8b465ee728b)  -> (artifact id: '79090a039efb12038cdcc098e310f580') in 0.029066 seconds 
========================================================================
Received Import Request.
  Time since last request: 1.171310 seconds.
  path: Assets/Animation/Argus/Idle.anim
  artifactKey: Guid(a1bb6f32bac40b943952e20abd8fee44) Importer(815301076,1909f56bfc062723c751e8b465ee728b)
Start importing Assets/Animation/Argus/Idle.anim using Guid(a1bb6f32bac40b943952e20abd8fee44) Importer(815301076,1909f56bfc062723c751e8b465ee728b)  -> (artifact id: 'b8f1c7393879ffa198fa74891fe70d1b') in 0.011950 seconds 
========================================================================
Received Import Request.
  Time since last request: 1.782310 seconds.
  path: Assets/Animation/Peord/Walking.anim
  artifactKey: Guid(25bc4564eaa9e464d88b01b69949e426) Importer(815301076,1909f56bfc062723c751e8b465ee728b)
Start importing Assets/Animation/Peord/Walking.anim using Guid(25bc4564eaa9e464d88b01b69949e426) Importer(815301076,1909f56bfc062723c751e8b465ee728b)  -> (artifact id: '4d791f75cbaa8ad5feec0cf3f2f62377') in 0.005125 seconds 
========================================================================
Received Import Request.
  Time since last request: 0.781016 seconds.
  path: Assets/Animation/Peord/teste.anim
  artifactKey: Guid(88c8f97fc08acd547adafa81f86b7cc1) Importer(815301076,1909f56bfc062723c751e8b465ee728b)
Start importing Assets/Animation/Peord/teste.anim using Guid(88c8f97fc08acd547adafa81f86b7cc1) Importer(815301076,1909f56bfc062723c751e8b465ee728b)  -> (artifact id: '44f101b7c81c0b01785e1e96d513c4b1') in 0.013353 seconds 
========================================================================
Received Import Request.
  Time since last request: 0.747570 seconds.
  path: Assets/Animation/Peord/Idle.anim
  artifactKey: Guid(8b1b37a9d9aef3e4fa4c17a43d0b222b) Importer(815301076,1909f56bfc062723c751e8b465ee728b)
Start importing Assets/Animation/Peord/Idle.anim using Guid(8b1b37a9d9aef3e4fa4c17a43d0b222b) Importer(815301076,1909f56bfc062723c751e8b465ee728b)  -> (artifact id: 'acf5666d16b8205e601c4dcc0089777a') in 0.007400 seconds 
========================================================================
Received Import Request.
  Time since last request: 25.237276 seconds.
  path: Assets/Sprites/Argus/Argus Idle - 0001.png
  artifactKey: Guid(470e7f39bb6e042469b38d779d90b1ca) Importer(815301076,1909f56bfc062723c751e8b465ee728b)
Start importing Assets/Sprites/Argus/Argus Idle - 0001.png using Guid(470e7f39bb6e042469b38d779d90b1ca) Importer(815301076,1909f56bfc062723c751e8b465ee728b)  -> (artifact id: '45f81623c50c10181806aa6b89b37ade') in 0.146819 seconds 
========================================================================
Received Import Request.
  Time since last request: 5.054791 seconds.
  path: Assets/Sprites/Argus/Argus Idle - 0001.png
  artifactKey: Guid(470e7f39bb6e042469b38d779d90b1ca) Importer(815301076,1909f56bfc062723c751e8b465ee728b)
Start importing Assets/Sprites/Argus/Argus Idle - 0001.png using Guid(470e7f39bb6e042469b38d779d90b1ca) Importer(815301076,1909f56bfc062723c751e8b465ee728b)  -> (artifact id: 'f4fdc6ade2e51a0bbb444d7dc6ee4dd5') in 0.010841 seconds 
========================================================================
Received Prepare
Registering precompiled user dll's ...
Registered in 0.006181 seconds.
Begin MonoManager ReloadAssembly
Native extension for WindowsStandalone target not found
Refreshing native plugins compatible for Editor in 1.01 ms, found 2 plugins.
Preloading 0 native plugins for Editor in 0.00 ms.
Mono: successfully reloaded assembly
- Completed reload, in  1.487 seconds
Platform modules already initialized, skipping
Refreshing native plugins compatible for Editor in 0.87 ms, found 2 plugins.
Preloading 0 native plugins for Editor in 0.00 ms.
Unloading 3367 Unused Serialized files (Serialized files now loaded: 0)
System memory in use before: 132.5 MB.
System memory in use after: 132.6 MB.

Unloading 17 unused Assets to reduce memory usage. Loaded Objects now: 3866.
Total: 4.897500 ms (FindLiveObjects: 0.467600 ms CreateObjectMapping: 0.126200 ms MarkObjects: 4.157200 ms  DeleteObjects: 0.144900 ms)

========================================================================
Received Import Request.
  Time since last request: 1775.636673 seconds.
  path: Assets/Scripts/PlayerControl.cs
  artifactKey: Guid(a81e0f831ec5cc241beb5760da6cf7a2) Importer(815301076,1909f56bfc062723c751e8b465ee728b)
Start importing Assets/Scripts/PlayerControl.cs using Guid(a81e0f831ec5cc241beb5760da6cf7a2) Importer(815301076,1909f56bfc062723c751e8b465ee728b)  -> (artifact id: '80f1c10d1fb234bddd72566c0345e945') in 0.009758 seconds 
========================================================================
Received Prepare
Registering precompiled user dll's ...
Registered in 0.004787 seconds.
Begin MonoManager ReloadAssembly
Native extension for WindowsStandalone target not found
Refreshing native plugins compatible for Editor in 1.46 ms, found 2 plugins.
Preloading 0 native plugins for Editor in 0.00 ms.
Mono: successfully reloaded assembly
- Completed reload, in  1.542 seconds
Platform modules already initialized, skipping
Refreshing native plugins compatible for Editor in 0.84 ms, found 2 plugins.
Preloading 0 native plugins for Editor in 0.00 ms.
Unloading 3366 Unused Serialized files (Serialized files now loaded: 0)
System memory in use before: 132.5 MB.
System memory in use after: 132.5 MB.

Unloading 17 unused Assets to reduce memory usage. Loaded Objects now: 3870.
Total: 4.972900 ms (FindLiveObjects: 0.377400 ms CreateObjectMapping: 0.091400 ms MarkObjects: 4.311300 ms  DeleteObjects: 0.191100 ms)

========================================================================
Received Import Request.
  Time since last request: 498.156435 seconds.
  path: Assets/Scripts/PlayerControl.cs
  artifactKey: Guid(a81e0f831ec5cc241beb5760da6cf7a2) Importer(815301076,1909f56bfc062723c751e8b465ee728b)
Start importing Assets/Scripts/PlayerControl.cs using Guid(a81e0f831ec5cc241beb5760da6cf7a2) Importer(815301076,1909f56bfc062723c751e8b465ee728b)  -> (artifact id: '294f188673cbbcc51e8261bfad75acb8') in 0.014921 seconds 
========================================================================
Received Prepare
Registering precompiled user dll's ...
Registered in 0.005647 seconds.
Begin MonoManager ReloadAssembly
Native extension for WindowsStandalone target not found
Refreshing native plugins compatible for Editor in 1.17 ms, found 2 plugins.
Preloading 0 native plugins for Editor in 0.00 ms.
Mono: successfully reloaded assembly
- Completed reload, in  1.462 seconds
Platform modules already initialized, skipping
Refreshing native plugins compatible for Editor in 0.89 ms, found 2 plugins.
Preloading 0 native plugins for Editor in 0.00 ms.
Unloading 3366 Unused Serialized files (Serialized files now loaded: 0)
System memory in use before: 132.5 MB.
System memory in use after: 132.6 MB.

Unloading 17 unused Assets to reduce memory usage. Loaded Objects now: 3874.
Total: 3.923400 ms (FindLiveObjects: 0.426200 ms CreateObjectMapping: 0.128900 ms MarkObjects: 3.236000 ms  DeleteObjects: 0.130600 ms)

========================================================================
Received Prepare
Registering precompiled user dll's ...
Registered in 0.006052 seconds.
Begin MonoManager ReloadAssembly
Native extension for WindowsStandalone target not found
Refreshing native plugins compatible for Editor in 0.88 ms, found 2 plugins.
Preloading 0 native plugins for Editor in 0.00 ms.
Mono: successfully reloaded assembly
- Completed reload, in  1.485 seconds
Platform modules already initialized, skipping
Refreshing native plugins compatible for Editor in 0.78 ms, found 2 plugins.
Preloading 0 native plugins for Editor in 0.00 ms.
Unloading 3366 Unused Serialized files (Serialized files now loaded: 0)
System memory in use before: 132.5 MB.
System memory in use after: 132.6 MB.

Unloading 17 unused Assets to reduce memory usage. Loaded Objects now: 3878.
Total: 4.314300 ms (FindLiveObjects: 0.366300 ms CreateObjectMapping: 0.089100 ms MarkObjects: 3.722600 ms  DeleteObjects: 0.134700 ms)

========================================================================
Received Prepare
Registering precompiled user dll's ...
Registered in 0.005257 seconds.
Begin MonoManager ReloadAssembly
Native extension for WindowsStandalone target not found
Refreshing native plugins compatible for Editor in 1.30 ms, found 2 plugins.
Preloading 0 native plugins for Editor in 0.00 ms.
Mono: successfully reloaded assembly
- Completed reload, in  1.345 seconds
Platform modules already initialized, skipping
Refreshing native plugins compatible for Editor in 0.75 ms, found 2 plugins.
Preloading 0 native plugins for Editor in 0.00 ms.
Unloading 3366 Unused Serialized files (Serialized files now loaded: 0)
System memory in use before: 132.5 MB.
System memory in use after: 132.6 MB.

Unloading 17 unused Assets to reduce memory usage. Loaded Objects now: 3882.
Total: 3.133400 ms (FindLiveObjects: 0.338000 ms CreateObjectMapping: 0.086400 ms MarkObjects: 2.600500 ms  DeleteObjects: 0.107400 ms)

========================================================================
Received Prepare
Registering precompiled user dll's ...
Registered in 0.005396 seconds.
Begin MonoManager ReloadAssembly
Native extension for WindowsStandalone target not found
Refreshing native plugins compatible for Editor in 0.94 ms, found 2 plugins.
Preloading 0 native plugins for Editor in 0.00 ms.
Mono: successfully reloaded assembly
- Completed reload, in  1.325 seconds
Platform modules already initialized, skipping
Refreshing native plugins compatible for Editor in 0.81 ms, found 2 plugins.
Preloading 0 native plugins for Editor in 0.00 ms.
Unloading 3366 Unused Serialized files (Serialized files now loaded: 0)
System memory in use before: 132.5 MB.
System memory in use after: 132.6 MB.

Unloading 17 unused Assets to reduce memory usage. Loaded Objects now: 3886.
Total: 3.831300 ms (FindLiveObjects: 0.399500 ms CreateObjectMapping: 0.093600 ms MarkObjects: 3.116800 ms  DeleteObjects: 0.219400 ms)

========================================================================
Received Prepare
Registering precompiled user dll's ...
Registered in 0.006847 seconds.
Begin MonoManager ReloadAssembly
Native extension for WindowsStandalone target not found
Refreshing native plugins compatible for Editor in 0.97 ms, found 2 plugins.
Preloading 0 native plugins for Editor in 0.00 ms.
Mono: successfully reloaded assembly
- Completed reload, in  1.581 seconds
Platform modules already initialized, skipping
Refreshing native plugins compatible for Editor in 1.18 ms, found 2 plugins.
Preloading 0 native plugins for Editor in 0.00 ms.
Unloading 3368 Unused Serialized files (Serialized files now loaded: 0)
System memory in use before: 132.6 MB.
System memory in use after: 132.7 MB.

Unloading 17 unused Assets to reduce memory usage. Loaded Objects now: 3892.
Total: 4.546800 ms (FindLiveObjects: 0.616700 ms CreateObjectMapping: 0.440000 ms MarkObjects: 3.352900 ms  DeleteObjects: 0.135800 ms)

========================================================================
Received Import Request.
  Time since last request: 695.614456 seconds.
  path: Assets/Scripts/PlayerControl.cs
  artifactKey: Guid(a81e0f831ec5cc241beb5760da6cf7a2) Importer(815301076,1909f56bfc062723c751e8b465ee728b)
Start importing Assets/Scripts/PlayerControl.cs using Guid(a81e0f831ec5cc241beb5760da6cf7a2) Importer(815301076,1909f56bfc062723c751e8b465ee728b)  -> (artifact id: '758480ab3502fb523cb8e597c23fd970') in 0.011163 seconds 
========================================================================
Received Import Request.
  Time since last request: 0.000565 seconds.
  path: Assets/Scripts/CameraControl.cs
  artifactKey: Guid(fb861182d7198fc4fb584d2a16d1a6aa) Importer(815301076,1909f56bfc062723c751e8b465ee728b)
Start importing Assets/Scripts/CameraControl.cs using Guid(fb861182d7198fc4fb584d2a16d1a6aa) Importer(815301076,1909f56bfc062723c751e8b465ee728b)  -> (artifact id: '4ccdd8bc02f83761bcfe236676fe065b') in 0.028953 seconds 
========================================================================
Received Prepare
Registering precompiled user dll's ...
Registered in 0.004219 seconds.
Begin MonoManager ReloadAssembly
Native extension for WindowsStandalone target not found
Refreshing native plugins compatible for Editor in 0.97 ms, found 2 plugins.
Preloading 0 native plugins for Editor in 0.00 ms.
Mono: successfully reloaded assembly
- Completed reload, in  1.486 seconds
Platform modules already initialized, skipping
Refreshing native plugins compatible for Editor in 0.98 ms, found 2 plugins.
Preloading 0 native plugins for Editor in 0.00 ms.
Unloading 3368 Unused Serialized files (Serialized files now loaded: 0)
System memory in use before: 132.6 MB.
System memory in use after: 132.7 MB.

Unloading 17 unused Assets to reduce memory usage. Loaded Objects now: 3896.
Total: 4.139400 ms (FindLiveObjects: 0.460100 ms CreateObjectMapping: 0.144400 ms MarkObjects: 3.398800 ms  DeleteObjects: 0.134800 ms)

========================================================================
Received Import Request.
  Time since last request: 216.225668 seconds.
  path: Assets/Scripts/CameraControl.cs
  artifactKey: Guid(fb861182d7198fc4fb584d2a16d1a6aa) Importer(815301076,1909f56bfc062723c751e8b465ee728b)
Start importing Assets/Scripts/CameraControl.cs using Guid(fb861182d7198fc4fb584d2a16d1a6aa) Importer(815301076,1909f56bfc062723c751e8b465ee728b)  -> (artifact id: 'f0737a05658efd4e42b94c2444d5f87a') in 0.007480 seconds 
========================================================================
Received Prepare
Registering precompiled user dll's ...
Registered in 0.005999 seconds.
Begin MonoManager ReloadAssembly
Native extension for WindowsStandalone target not found
Refreshing native plugins compatible for Editor in 1.24 ms, found 2 plugins.
Preloading 0 native plugins for Editor in 0.00 ms.
Mono: successfully reloaded assembly
- Completed reload, in  1.491 seconds
Platform modules already initialized, skipping
Refreshing native plugins compatible for Editor in 1.33 ms, found 2 plugins.
Preloading 0 native plugins for Editor in 0.00 ms.
Unloading 3368 Unused Serialized files (Serialized files now loaded: 0)
System memory in use before: 132.6 MB.
System memory in use after: 132.7 MB.

Unloading 17 unused Assets to reduce memory usage. Loaded Objects now: 3900.
Total: 4.016400 ms (FindLiveObjects: 0.498400 ms CreateObjectMapping: 0.198600 ms MarkObjects: 3.191400 ms  DeleteObjects: 0.126000 ms)

========================================================================
Received Prepare
Registering precompiled user dll's ...
Registered in 0.004267 seconds.
Begin MonoManager ReloadAssembly
Native extension for WindowsStandalone target not found
Refreshing native plugins compatible for Editor in 0.97 ms, found 2 plugins.
Preloading 0 native plugins for Editor in 0.00 ms.
Mono: successfully reloaded assembly
- Completed reload, in  1.356 seconds
Platform modules already initialized, skipping
Refreshing native plugins compatible for Editor in 1.02 ms, found 2 plugins.
Preloading 0 native plugins for Editor in 0.00 ms.
Unloading 3368 Unused Serialized files (Serialized files now loaded: 0)
System memory in use before: 132.6 MB.
System memory in use after: 132.7 MB.

Unloading 17 unused Assets to reduce memory usage. Loaded Objects now: 3904.
Total: 5.290900 ms (FindLiveObjects: 0.547700 ms CreateObjectMapping: 0.159900 ms MarkObjects: 4.396700 ms  DeleteObjects: 0.184200 ms)

========================================================================
Received Prepare
Registering precompiled user dll's ...
Registered in 0.004178 seconds.
Begin MonoManager ReloadAssembly
Native extension for WindowsStandalone target not found
Refreshing native plugins compatible for Editor in 0.87 ms, found 2 plugins.
Preloading 0 native plugins for Editor in 0.00 ms.
Mono: successfully reloaded assembly
- Completed reload, in  1.349 seconds
Platform modules already initialized, skipping
Refreshing native plugins compatible for Editor in 0.81 ms, found 2 plugins.
Preloading 0 native plugins for Editor in 0.00 ms.
Unloading 3368 Unused Serialized files (Serialized files now loaded: 0)
System memory in use before: 132.6 MB.
System memory in use after: 132.7 MB.

Unloading 17 unused Assets to reduce memory usage. Loaded Objects now: 3908.
Total: 4.064000 ms (FindLiveObjects: 0.543000 ms CreateObjectMapping: 0.231200 ms MarkObjects: 3.165000 ms  DeleteObjects: 0.123000 ms)

========================================================================
Received Import Request.
  Time since last request: 730.086238 seconds.
  path: Assets/Materials
  artifactKey: Guid(58545f160d40373409cff1604bcdd7c2) Importer(815301076,1909f56bfc062723c751e8b465ee728b)
Start importing Assets/Materials using Guid(58545f160d40373409cff1604bcdd7c2) Importer(815301076,1909f56bfc062723c751e8b465ee728b)  -> (artifact id: 'c6aa3f33b41b5a21a8054c20943ff75e') in 0.014882 seconds 
========================================================================
Received Import Request.
  Time since last request: 11.976465 seconds.
  path: Assets/Materials/Slippery.physicMaterial
  artifactKey: Guid(287c3e739ef7c8940bf2211b80279965) Importer(815301076,1909f56bfc062723c751e8b465ee728b)
Start importing Assets/Materials/Slippery.physicMaterial using Guid(287c3e739ef7c8940bf2211b80279965) Importer(815301076,1909f56bfc062723c751e8b465ee728b)  -> (artifact id: '7968619e19e81d1dd4c3cbf38832e23f') in 0.019798 seconds 
========================================================================
Received Import Request.
  Time since last request: 27.121489 seconds.
  path: Assets/Materials/New Physics Material 2D.physicsMaterial2D
  artifactKey: Guid(9be806cfac8b993478989510f8b5a76a) Importer(815301076,1909f56bfc062723c751e8b465ee728b)
Start importing Assets/Materials/New Physics Material 2D.physicsMaterial2D using Guid(9be806cfac8b993478989510f8b5a76a) Importer(815301076,1909f56bfc062723c751e8b465ee728b)  -> (artifact id: 'f18f6096297d49b8cffbc0a3984c63a3') in 0.011382 seconds 
========================================================================
Received Import Request.
  Time since last request: 4.871079 seconds.
  path: Assets/Materials/Slippery.physicsMaterial2D
  artifactKey: Guid(9be806cfac8b993478989510f8b5a76a) Importer(815301076,1909f56bfc062723c751e8b465ee728b)
Start importing Assets/Materials/Slippery.physicsMaterial2D using Guid(9be806cfac8b993478989510f8b5a76a) Importer(815301076,1909f56bfc062723c751e8b465ee728b)  -> (artifact id: '88fff68478dc7507cbca9cbd397a9ca1') in 0.003111 seconds 
========================================================================
Received Prepare
Registering precompiled user dll's ...
Registered in 0.004492 seconds.
Begin MonoManager ReloadAssembly
Native extension for WindowsStandalone target not found
Refreshing native plugins compatible for Editor in 0.94 ms, found 2 plugins.
Preloading 0 native plugins for Editor in 0.00 ms.
Mono: successfully reloaded assembly
- Completed reload, in  1.466 seconds
Platform modules already initialized, skipping
Refreshing native plugins compatible for Editor in 1.22 ms, found 2 plugins.
Preloading 0 native plugins for Editor in 0.00 ms.
Unloading 3368 Unused Serialized files (Serialized files now loaded: 0)
System memory in use before: 132.6 MB.
System memory in use after: 132.7 MB.

Unloading 17 unused Assets to reduce memory usage. Loaded Objects now: 3912.
Total: 4.295600 ms (FindLiveObjects: 0.403900 ms CreateObjectMapping: 0.115500 ms MarkObjects: 3.644700 ms  DeleteObjects: 0.130100 ms)

========================================================================
Received Prepare
Registering precompiled user dll's ...
Registered in 0.006407 seconds.
Begin MonoManager ReloadAssembly
Native extension for WindowsStandalone target not found
Refreshing native plugins compatible for Editor in 1.09 ms, found 2 plugins.
Preloading 0 native plugins for Editor in 0.00 ms.
Mono: successfully reloaded assembly
- Completed reload, in  1.435 seconds
Platform modules already initialized, skipping
Refreshing native plugins compatible for Editor in 1.02 ms, found 2 plugins.
Preloading 0 native plugins for Editor in 0.00 ms.
Unloading 3368 Unused Serialized files (Serialized files now loaded: 0)
System memory in use before: 132.6 MB.
System memory in use after: 132.7 MB.

Unloading 17 unused Assets to reduce memory usage. Loaded Objects now: 3916.
Total: 4.423000 ms (FindLiveObjects: 0.394700 ms CreateObjectMapping: 0.138900 ms MarkObjects: 3.686000 ms  DeleteObjects: 0.201700 ms)

========================================================================
Received Prepare
Registering precompiled user dll's ...
Registered in 0.005174 seconds.
Begin MonoManager ReloadAssembly
Native extension for WindowsStandalone target not found
Refreshing native plugins compatible for Editor in 0.68 ms, found 2 plugins.
Preloading 0 native plugins for Editor in 0.00 ms.
Mono: successfully reloaded assembly
- Completed reload, in  1.333 seconds
Platform modules already initialized, skipping
Refreshing native plugins compatible for Editor in 0.88 ms, found 2 plugins.
Preloading 0 native plugins for Editor in 0.00 ms.
Unloading 3368 Unused Serialized files (Serialized files now loaded: 0)
System memory in use before: 132.7 MB.
System memory in use after: 132.8 MB.

Unloading 17 unused Assets to reduce memory usage. Loaded Objects now: 3920.
Total: 3.811600 ms (FindLiveObjects: 0.319900 ms CreateObjectMapping: 0.087400 ms MarkObjects: 3.251700 ms  DeleteObjects: 0.151100 ms)

========================================================================
Received Prepare
Registering precompiled user dll's ...
Registered in 0.005912 seconds.
Begin MonoManager ReloadAssembly
Native extension for WindowsStandalone target not found
Refreshing native plugins compatible for Editor in 1.01 ms, found 2 plugins.
Preloading 0 native plugins for Editor in 0.00 ms.
Mono: successfully reloaded assembly
- Completed reload, in  1.501 seconds
Platform modules already initialized, skipping
Refreshing native plugins compatible for Editor in 1.34 ms, found 2 plugins.
Preloading 0 native plugins for Editor in 0.00 ms.
Unloading 3368 Unused Serialized files (Serialized files now loaded: 0)
System memory in use before: 132.7 MB.
System memory in use after: 132.8 MB.

Unloading 17 unused Assets to reduce memory usage. Loaded Objects now: 3924.
Total: 6.109400 ms (FindLiveObjects: 0.516900 ms CreateObjectMapping: 0.149200 ms MarkObjects: 5.238100 ms  DeleteObjects: 0.200100 ms)

AssetImportWorkerClient::OnTransportError - code=2 error=End of file
