Using pre-set license
Built from '2021.1/staging' branch; Version is '2021.1.3f1 (4bef613afd59) revision 4976481'; Using compiler version '192528614'; Build Type 'Release'
OS: 'Windows 10 Home Single Language; OS build 19042.1466; Version 2009; 64bit' Language: 'pt' Physical Memory: 12198 MB
BatchMode: 1, IsHumanControllingUs: 0, StartBugReporterOnCrash: 0, Is64bit: 1, IsPro: 0

 COMMAND LINE ARGUMENTS:
C:\Program Files\Unity\Hub\Editor\2021.1.3f1\Editor\Unity.exe
-adb2
-batchMode
-noUpm
-name
AssetImportWorker0
-projectPath
D:/Mad-Comet/Brothers-Unity/DesertBrothers
-logFile
Logs/AssetImportWorker0.log
-srvPort
55332
Successfully changed project path to: D:/Mad-Comet/Brothers-Unity/DesertBrothers
D:/Mad-Comet/Brothers-Unity/DesertBrothers
Using Asset Import Pipeline V2.
Refreshing native plugins compatible for Editor in 191.47 ms, found 2 plugins.
Preloading 0 native plugins for Editor in 0.00 ms.
Initialize engine version: 2021.1.3f1 (4bef613afd59)
[Subsystems] Discovering subsystems at path C:/Program Files/Unity/Hub/Editor/2021.1.3f1/Editor/Data/Resources/UnitySubsystems
[Subsystems] Discovering subsystems at path D:/Mad-Comet/Brothers-Unity/DesertBrothers/Assets
GfxDevice: creating device client; threaded=0; jobified=0
Direct3D:
    Version:  Direct3D 11.0 [level 11.1]
    Renderer: Intel(R) HD Graphics 5500 (ID=0x1616)
    Vendor:   Intel
    VRAM:     6099 MB
    Driver:   20.19.15.4835
Initialize mono
Mono path[0] = 'C:/Program Files/Unity/Hub/Editor/2021.1.3f1/Editor/Data/Managed'
Mono path[1] = 'C:/Program Files/Unity/Hub/Editor/2021.1.3f1/Editor/Data/MonoBleedingEdge/lib/mono/unityjit'
Mono config path = 'C:/Program Files/Unity/Hub/Editor/2021.1.3f1/Editor/Data/MonoBleedingEdge/etc'
Using monoOptions --debugger-agent=transport=dt_socket,embedding=1,server=y,suspend=n,address=127.0.0.1:56560
Begin MonoManager ReloadAssembly
Registering precompiled unity dll's ...
Register platform support module: C:/Program Files/Unity/Hub/Editor/2021.1.3f1/Editor/Data/PlaybackEngines/WindowsStandaloneSupport/UnityEditor.WindowsStandalone.Extensions.dll
Registered in 0.005922 seconds.
Native extension for WindowsStandalone target not found
Refreshing native plugins compatible for Editor in 220.20 ms, found 2 plugins.
Preloading 0 native plugins for Editor in 0.00 ms.
Mono: successfully reloaded assembly
- Completed reload, in  2.903 seconds
Platform modules already initialized, skipping
Registering precompiled user dll's ...
Registered in 0.005306 seconds.
Begin MonoManager ReloadAssembly
Native extension for WindowsStandalone target not found
Refreshing native plugins compatible for Editor in 192.55 ms, found 2 plugins.
Preloading 0 native plugins for Editor in 0.00 ms.
Mono: successfully reloaded assembly
- Completed reload, in  2.339 seconds
Platform modules already initialized, skipping
========================================================================
Worker process is ready to serve import requests
Launched and connected shader compiler UnityShaderCompiler.exe after 0.12 seconds
Refreshing native plugins compatible for Editor in 3.75 ms, found 2 plugins.
Preloading 0 native plugins for Editor in 0.00 ms.
Unloading 3378 Unused Serialized files (Serialized files now loaded: 0)
System memory in use before: 128.5 MB.
System memory in use after: 128.8 MB.

Unloading 23 unused Assets to reduce memory usage. Loaded Objects now: 3840.
Total: 6.118200 ms (FindLiveObjects: 0.459600 ms CreateObjectMapping: 0.507000 ms MarkObjects: 5.098700 ms  DeleteObjects: 0.050300 ms)

========================================================================
Received Import Request.
  path: Assets/Assets/PSB/Textures/Animations/RuneSave/RuneSave.psb
  artifactKey: Guid(b67306d93487ccf4bb1f3a7d880f1b5a) Importer(815301076,1909f56bfc062723c751e8b465ee728b)
Start importing Assets/Assets/PSB/Textures/Animations/RuneSave/RuneSave.psb using Guid(b67306d93487ccf4bb1f3a7d880f1b5a) Importer(815301076,1909f56bfc062723c751e8b465ee728b)  -> (artifact id: '536f4d4d9f16c695c65461d0ab1cd98c') in 0.336072 seconds 
========================================================================
Received Prepare
Registering precompiled user dll's ...
Registered in 0.010063 seconds.
Begin MonoManager ReloadAssembly
Native extension for WindowsStandalone target not found
Refreshing native plugins compatible for Editor in 0.98 ms, found 2 plugins.
Preloading 0 native plugins for Editor in 0.00 ms.
Mono: successfully reloaded assembly
- Completed reload, in  2.143 seconds
Platform modules already initialized, skipping
Refreshing native plugins compatible for Editor in 1.68 ms, found 2 plugins.
Preloading 0 native plugins for Editor in 0.00 ms.
Unloading 3371 Unused Serialized files (Serialized files now loaded: 0)
System memory in use before: 133.8 MB.
System memory in use after: 134.0 MB.

Unloading 14 unused Assets to reduce memory usage. Loaded Objects now: 3869.
Total: 5.453100 ms (FindLiveObjects: 0.745700 ms CreateObjectMapping: 0.503100 ms MarkObjects: 4.111600 ms  DeleteObjects: 0.090000 ms)

========================================================================
Received Prepare
Registering precompiled user dll's ...
Registered in 0.004723 seconds.
Begin MonoManager ReloadAssembly
Native extension for WindowsStandalone target not found
Refreshing native plugins compatible for Editor in 1.64 ms, found 2 plugins.
Preloading 0 native plugins for Editor in 0.00 ms.
Mono: successfully reloaded assembly
- Completed reload, in  2.788 seconds
Platform modules already initialized, skipping
Refreshing native plugins compatible for Editor in 2.11 ms, found 2 plugins.
Preloading 0 native plugins for Editor in 0.00 ms.
Unloading 3370 Unused Serialized files (Serialized files now loaded: 0)
System memory in use before: 133.8 MB.
System memory in use after: 134.0 MB.

Unloading 13 unused Assets to reduce memory usage. Loaded Objects now: 3872.
Total: 4.598000 ms (FindLiveObjects: 0.596300 ms CreateObjectMapping: 0.414300 ms MarkObjects: 3.510600 ms  DeleteObjects: 0.074000 ms)

========================================================================
Received Prepare
Registering precompiled user dll's ...
Registered in 0.005052 seconds.
Begin MonoManager ReloadAssembly
Native extension for WindowsStandalone target not found
Refreshing native plugins compatible for Editor in 1.65 ms, found 2 plugins.
Preloading 0 native plugins for Editor in 0.00 ms.
Mono: successfully reloaded assembly
- Completed reload, in  2.531 seconds
Platform modules already initialized, skipping
Refreshing native plugins compatible for Editor in 4.93 ms, found 2 plugins.
Preloading 0 native plugins for Editor in 0.00 ms.
Unloading 3370 Unused Serialized files (Serialized files now loaded: 0)
System memory in use before: 133.8 MB.
System memory in use after: 134.0 MB.

Unloading 13 unused Assets to reduce memory usage. Loaded Objects now: 3875.
Total: 9.399100 ms (FindLiveObjects: 0.657600 ms CreateObjectMapping: 2.793400 ms MarkObjects: 5.827600 ms  DeleteObjects: 0.117900 ms)

========================================================================
Received Prepare
Registering precompiled user dll's ...
Registered in 0.004785 seconds.
Begin MonoManager ReloadAssembly
Native extension for WindowsStandalone target not found
Refreshing native plugins compatible for Editor in 1.09 ms, found 2 plugins.
Preloading 0 native plugins for Editor in 0.00 ms.
Mono: successfully reloaded assembly
- Completed reload, in  2.652 seconds
Platform modules already initialized, skipping
Refreshing native plugins compatible for Editor in 1.97 ms, found 2 plugins.
Preloading 0 native plugins for Editor in 0.00 ms.
Unloading 3372 Unused Serialized files (Serialized files now loaded: 0)
System memory in use before: 133.9 MB.
System memory in use after: 134.1 MB.

Unloading 13 unused Assets to reduce memory usage. Loaded Objects now: 3880.
Total: 5.874900 ms (FindLiveObjects: 0.656700 ms CreateObjectMapping: 0.460200 ms MarkObjects: 4.677200 ms  DeleteObjects: 0.078300 ms)

========================================================================
Received Prepare
Registering precompiled user dll's ...
Registered in 0.007334 seconds.
Begin MonoManager ReloadAssembly
Native extension for WindowsStandalone target not found
Refreshing native plugins compatible for Editor in 1.66 ms, found 2 plugins.
Preloading 0 native plugins for Editor in 0.00 ms.
Mono: successfully reloaded assembly
- Completed reload, in  3.909 seconds
Platform modules already initialized, skipping
Refreshing native plugins compatible for Editor in 1.66 ms, found 2 plugins.
Preloading 0 native plugins for Editor in 0.00 ms.
Unloading 3373 Unused Serialized files (Serialized files now loaded: 0)
System memory in use before: 133.9 MB.
System memory in use after: 134.1 MB.

Unloading 13 unused Assets to reduce memory usage. Loaded Objects now: 3884.
Total: 5.929000 ms (FindLiveObjects: 0.461200 ms CreateObjectMapping: 0.441300 ms MarkObjects: 4.947900 ms  DeleteObjects: 0.076000 ms)

========================================================================
Received Prepare
Registering precompiled user dll's ...
Registered in 0.004738 seconds.
Begin MonoManager ReloadAssembly
Native extension for WindowsStandalone target not found
Refreshing native plugins compatible for Editor in 1.00 ms, found 2 plugins.
Preloading 0 native plugins for Editor in 0.00 ms.
Mono: successfully reloaded assembly
- Completed reload, in  2.517 seconds
Platform modules already initialized, skipping
Refreshing native plugins compatible for Editor in 4.78 ms, found 2 plugins.
Preloading 0 native plugins for Editor in 0.00 ms.
Unloading 3373 Unused Serialized files (Serialized files now loaded: 0)
System memory in use before: 133.9 MB.
System memory in use after: 134.1 MB.

Unloading 13 unused Assets to reduce memory usage. Loaded Objects now: 3887.
Total: 27.371400 ms (FindLiveObjects: 18.408900 ms CreateObjectMapping: 0.953000 ms MarkObjects: 7.903300 ms  DeleteObjects: 0.103100 ms)

========================================================================
Received Prepare
Registering precompiled user dll's ...
Registered in 0.014348 seconds.
Begin MonoManager ReloadAssembly
Native extension for WindowsStandalone target not found
Refreshing native plugins compatible for Editor in 0.98 ms, found 2 plugins.
Preloading 0 native plugins for Editor in 0.00 ms.
Mono: successfully reloaded assembly
- Completed reload, in  2.623 seconds
Platform modules already initialized, skipping
Refreshing native plugins compatible for Editor in 14.48 ms, found 2 plugins.
Preloading 0 native plugins for Editor in 0.00 ms.
Unloading 3374 Unused Serialized files (Serialized files now loaded: 0)
System memory in use before: 134.0 MB.
System memory in use after: 134.2 MB.

Unloading 13 unused Assets to reduce memory usage. Loaded Objects now: 3891.
Total: 11.297700 ms (FindLiveObjects: 0.842000 ms CreateObjectMapping: 0.564200 ms MarkObjects: 9.803100 ms  DeleteObjects: 0.085800 ms)

========================================================================
Received Prepare
Registering precompiled user dll's ...
Registered in 0.005504 seconds.
Begin MonoManager ReloadAssembly
Native extension for WindowsStandalone target not found
Refreshing native plugins compatible for Editor in 0.99 ms, found 2 plugins.
Preloading 0 native plugins for Editor in 0.00 ms.
Mono: successfully reloaded assembly
- Completed reload, in  2.536 seconds
Platform modules already initialized, skipping
Refreshing native plugins compatible for Editor in 5.57 ms, found 2 plugins.
Preloading 0 native plugins for Editor in 0.00 ms.
Unloading 3375 Unused Serialized files (Serialized files now loaded: 0)
System memory in use before: 134.0 MB.
System memory in use after: 134.2 MB.

Unloading 13 unused Assets to reduce memory usage. Loaded Objects now: 3895.
Total: 5.003900 ms (FindLiveObjects: 0.814300 ms CreateObjectMapping: 0.462900 ms MarkObjects: 3.649900 ms  DeleteObjects: 0.074700 ms)

========================================================================
Received Prepare
Registering precompiled user dll's ...
Registered in 0.007484 seconds.
Begin MonoManager ReloadAssembly
Native extension for WindowsStandalone target not found
Refreshing native plugins compatible for Editor in 0.99 ms, found 2 plugins.
Preloading 0 native plugins for Editor in 0.00 ms.
Mono: successfully reloaded assembly
- Completed reload, in  2.518 seconds
Platform modules already initialized, skipping
Refreshing native plugins compatible for Editor in 1.81 ms, found 2 plugins.
Preloading 0 native plugins for Editor in 0.00 ms.
Unloading 3379 Unused Serialized files (Serialized files now loaded: 0)
System memory in use before: 134.1 MB.
System memory in use after: 134.3 MB.

Unloading 13 unused Assets to reduce memory usage. Loaded Objects now: 3901.
Total: 8.405300 ms (FindLiveObjects: 1.598700 ms CreateObjectMapping: 0.530800 ms MarkObjects: 6.163100 ms  DeleteObjects: 0.109900 ms)

========================================================================
Received Prepare
Registering precompiled user dll's ...
Registered in 0.008342 seconds.
Begin MonoManager ReloadAssembly
Native extension for WindowsStandalone target not found
Refreshing native plugins compatible for Editor in 1.00 ms, found 2 plugins.
Preloading 0 native plugins for Editor in 0.00 ms.
Mono: successfully reloaded assembly
- Completed reload, in  2.062 seconds
Platform modules already initialized, skipping
Refreshing native plugins compatible for Editor in 1.72 ms, found 2 plugins.
Preloading 0 native plugins for Editor in 0.00 ms.
Unloading 3534 Unused Serialized files (Serialized files now loaded: 0)
System memory in use before: 139.9 MB.
System memory in use after: 140.0 MB.

Unloading 15 unused Assets to reduce memory usage. Loaded Objects now: 4056.
Total: 4.305800 ms (FindLiveObjects: 0.387200 ms CreateObjectMapping: 0.250900 ms MarkObjects: 3.565800 ms  DeleteObjects: 0.099800 ms)

========================================================================
Received Import Request.
  Time since last request: 1099.821134 seconds.
  path: Assets/Sprites/Argus
  artifactKey: Guid(a0f619f48082f4c4f91eddd9ef19417f) Importer(815301076,1909f56bfc062723c751e8b465ee728b)
Start importing Assets/Sprites/Argus using Guid(a0f619f48082f4c4f91eddd9ef19417f) Importer(815301076,1909f56bfc062723c751e8b465ee728b)  -> (artifact id: '3cc8e462fc82b739f011e335a40edeb5') in 0.332375 seconds 
========================================================================
Received Import Request.
  Time since last request: 1.787354 seconds.
  path: Assets/Sprites/Argus/Idle
  artifactKey: Guid(3207da51f6d8b334e80104de82ca66a4) Importer(815301076,1909f56bfc062723c751e8b465ee728b)
Start importing Assets/Sprites/Argus/Idle using Guid(3207da51f6d8b334e80104de82ca66a4) Importer(815301076,1909f56bfc062723c751e8b465ee728b)  -> (artifact id: 'c5cd97b96d68e45da4a09878c154f085') in 0.017528 seconds 
========================================================================
Received Import Request.
  Time since last request: 378.980217 seconds.
  path: Assets/Animation/Argus/ArgusController.controller
  artifactKey: Guid(fe4f554b717c97e4f86290c2052a37ac) Importer(815301076,1909f56bfc062723c751e8b465ee728b)
Start importing Assets/Animation/Argus/ArgusController.controller using Guid(fe4f554b717c97e4f86290c2052a37ac) Importer(815301076,1909f56bfc062723c751e8b465ee728b)  -> (artifact id: 'bc60107e4c2fcabaa85d9b78b584f545') in 0.095951 seconds 
========================================================================
Received Import Request.
  Time since last request: 0.000380 seconds.
  path: Assets/Animation/Argus/Holding_Book.anim
  artifactKey: Guid(673c56d034a5bf642a728c70a2124224) Importer(815301076,1909f56bfc062723c751e8b465ee728b)
Start importing Assets/Animation/Argus/Holding_Book.anim using Guid(673c56d034a5bf642a728c70a2124224) Importer(815301076,1909f56bfc062723c751e8b465ee728b)  -> (artifact id: '09efbe6f6c8fd27191294a555ac2b6e1') in 0.041402 seconds 
========================================================================
Received Import Request.
  Time since last request: 15.185295 seconds.
  path: Assets/Animation/Argus/SpriteSheet - Argus Idle (Blinking)_0.controller
  artifactKey: Guid(3a5d17c70f914534792d3c1fdadd6f89) Importer(815301076,1909f56bfc062723c751e8b465ee728b)
Start importing Assets/Animation/Argus/SpriteSheet - Argus Idle (Blinking)_0.controller using Guid(3a5d17c70f914534792d3c1fdadd6f89) Importer(815301076,1909f56bfc062723c751e8b465ee728b)  -> (artifact id: '2a748298fa2600082cab8ab4c1c6beed') in 0.019445 seconds 
========================================================================
Received Prepare
Registering precompiled user dll's ...
Registered in 0.007063 seconds.
Begin MonoManager ReloadAssembly
Native extension for WindowsStandalone target not found
Refreshing native plugins compatible for Editor in 1.74 ms, found 2 plugins.
Preloading 0 native plugins for Editor in 0.00 ms.
Mono: successfully reloaded assembly
- Completed reload, in  3.116 seconds
Platform modules already initialized, skipping
Refreshing native plugins compatible for Editor in 1.94 ms, found 2 plugins.
Preloading 0 native plugins for Editor in 0.00 ms.
Unloading 3533 Unused Serialized files (Serialized files now loaded: 0)
System memory in use before: 139.9 MB.
System memory in use after: 140.1 MB.

Unloading 15 unused Assets to reduce memory usage. Loaded Objects now: 4058.
Total: 11.898300 ms (FindLiveObjects: 0.904900 ms CreateObjectMapping: 0.669400 ms MarkObjects: 10.168000 ms  DeleteObjects: 0.145200 ms)

========================================================================
Received Prepare
Registering precompiled user dll's ...
Registered in 0.010737 seconds.
Begin MonoManager ReloadAssembly
Native extension for WindowsStandalone target not found
Refreshing native plugins compatible for Editor in 1.01 ms, found 2 plugins.
Preloading 0 native plugins for Editor in 0.00 ms.
Mono: successfully reloaded assembly
- Completed reload, in  2.111 seconds
Platform modules already initialized, skipping
Refreshing native plugins compatible for Editor in 1.85 ms, found 2 plugins.
Preloading 0 native plugins for Editor in 0.00 ms.
Unloading 3533 Unused Serialized files (Serialized files now loaded: 0)
System memory in use before: 139.9 MB.
System memory in use after: 140.1 MB.

Unloading 15 unused Assets to reduce memory usage. Loaded Objects now: 4060.
Total: 8.530800 ms (FindLiveObjects: 1.943900 ms CreateObjectMapping: 0.584100 ms MarkObjects: 5.905100 ms  DeleteObjects: 0.095100 ms)

========================================================================
Received Import Request.
  Time since last request: 400.881317 seconds.
  path: Assets/Sprites/Argus/Idle/SpriteSheet - Argus Idle (Blinking).png
  artifactKey: Guid(e927bf58e9bad8940bc76560b1ac9932) Importer(815301076,1909f56bfc062723c751e8b465ee728b)
Start importing Assets/Sprites/Argus/Idle/SpriteSheet - Argus Idle (Blinking).png using Guid(e927bf58e9bad8940bc76560b1ac9932) Importer(815301076,1909f56bfc062723c751e8b465ee728b)  -> (artifact id: '28bac85a0dc6a3a811d4ab1e368563d0') in 0.295096 seconds 
========================================================================
Received Import Request.
  Time since last request: 61.327755 seconds.
  path: Assets/Sprites/Argus/Idle/SpriteSheet - Argus Idle (Static).png
  artifactKey: Guid(bd5ee52eb3ab23e469930f36b4365979) Importer(815301076,1909f56bfc062723c751e8b465ee728b)
Start importing Assets/Sprites/Argus/Idle/SpriteSheet - Argus Idle (Static).png using Guid(bd5ee52eb3ab23e469930f36b4365979) Importer(815301076,1909f56bfc062723c751e8b465ee728b)  -> (artifact id: '964ca7be95563db85e0339c9f8368030') in 0.055129 seconds 
========================================================================
Received Import Request.
  Time since last request: 38.518878 seconds.
  path: Assets/Sprites/Argus/Idle/SpriteSheet - Argus Idle (Blinking).png
  artifactKey: Guid(e927bf58e9bad8940bc76560b1ac9932) Importer(815301076,1909f56bfc062723c751e8b465ee728b)
Start importing Assets/Sprites/Argus/Idle/SpriteSheet - Argus Idle (Blinking).png using Guid(e927bf58e9bad8940bc76560b1ac9932) Importer(815301076,1909f56bfc062723c751e8b465ee728b)  -> (artifact id: 'dbab562745647446d241fef7c9e4affb') in 0.038330 seconds 
========================================================================
Received Prepare
Registering precompiled user dll's ...
Registered in 0.006761 seconds.
Begin MonoManager ReloadAssembly
Native extension for WindowsStandalone target not found
Refreshing native plugins compatible for Editor in 1.41 ms, found 2 plugins.
Preloading 0 native plugins for Editor in 0.00 ms.
Mono: successfully reloaded assembly
- Completed reload, in  2.027 seconds
Platform modules already initialized, skipping
Refreshing native plugins compatible for Editor in 4.09 ms, found 2 plugins.
Preloading 0 native plugins for Editor in 0.00 ms.
Unloading 3535 Unused Serialized files (Serialized files now loaded: 0)
System memory in use before: 141.2 MB.
System memory in use after: 141.4 MB.

Unloading 15 unused Assets to reduce memory usage. Loaded Objects now: 4112.
Total: 4.733300 ms (FindLiveObjects: 0.499200 ms CreateObjectMapping: 0.434100 ms MarkObjects: 3.704400 ms  DeleteObjects: 0.093400 ms)

========================================================================
Received Import Request.
  Time since last request: 266.880869 seconds.
  path: Assets/Sprites/Argus/Idle/SpriteSheet - Argus Idle (Blinking).png
  artifactKey: Guid(e927bf58e9bad8940bc76560b1ac9932) Importer(815301076,1909f56bfc062723c751e8b465ee728b)
Start importing Assets/Sprites/Argus/Idle/SpriteSheet - Argus Idle (Blinking).png using Guid(e927bf58e9bad8940bc76560b1ac9932) Importer(815301076,1909f56bfc062723c751e8b465ee728b)  -> (artifact id: '0835c85d88100eb471eed2f14ba522a0') in 0.113802 seconds 
========================================================================
Received Import Request.
  Time since last request: 32.182199 seconds.
  path: Assets/Sprites/Argus/Idle/SpriteSheet - Argus Idle (Static).png
  artifactKey: Guid(bd5ee52eb3ab23e469930f36b4365979) Importer(815301076,1909f56bfc062723c751e8b465ee728b)
Start importing Assets/Sprites/Argus/Idle/SpriteSheet - Argus Idle (Static).png using Guid(bd5ee52eb3ab23e469930f36b4365979) Importer(815301076,1909f56bfc062723c751e8b465ee728b)  -> (artifact id: '66c8eb34c797bc3f9e4224482fcbb2ee') in 0.054625 seconds 
========================================================================
Received Prepare
Registering precompiled user dll's ...
Registered in 0.007951 seconds.
Begin MonoManager ReloadAssembly
Native extension for WindowsStandalone target not found
Refreshing native plugins compatible for Editor in 3.29 ms, found 2 plugins.
Preloading 0 native plugins for Editor in 0.00 ms.
Mono: successfully reloaded assembly
- Completed reload, in  2.840 seconds
Platform modules already initialized, skipping
Refreshing native plugins compatible for Editor in 1.85 ms, found 2 plugins.
Preloading 0 native plugins for Editor in 0.00 ms.
Unloading 3533 Unused Serialized files (Serialized files now loaded: 0)
System memory in use before: 141.9 MB.
System memory in use after: 142.1 MB.

Unloading 15 unused Assets to reduce memory usage. Loaded Objects now: 4143.
Total: 5.081000 ms (FindLiveObjects: 0.611300 ms CreateObjectMapping: 0.448400 ms MarkObjects: 3.910700 ms  DeleteObjects: 0.107000 ms)

========================================================================
Received Import Request.
  Time since last request: 298.818957 seconds.
  path: ProjectSettings/TagManager.asset
  artifactKey: Guid(00000000000000003000000000000000) Importer(815301076,1909f56bfc062723c751e8b465ee728b)
Start importing ProjectSettings/TagManager.asset using Guid(00000000000000003000000000000000) Importer(815301076,1909f56bfc062723c751e8b465ee728b)  -> (artifact id: '6f58c4d78ee932644d090be3de1acc0d') in 0.063678 seconds 
========================================================================
Received Import Request.
  Time since last request: 680.593661 seconds.
  path: Assets/Scripts/Manager/Manager.cs
  artifactKey: Guid(bf2cfdf1f9c76d640ba3e6bef85e22a0) Importer(815301076,1909f56bfc062723c751e8b465ee728b)
Start importing Assets/Scripts/Manager/Manager.cs using Guid(bf2cfdf1f9c76d640ba3e6bef85e22a0) Importer(815301076,1909f56bfc062723c751e8b465ee728b)  -> (artifact id: '9ecae1cb7116b111749c4b97c5dbc3f2') in 0.057683 seconds 
========================================================================
Received Import Request.
  Time since last request: 8.875015 seconds.
  path: Assets/Scripts/Manager/ShakeSystem.cs
  artifactKey: Guid(d43c67e74f1eb524ab1e7a304fbed781) Importer(815301076,1909f56bfc062723c751e8b465ee728b)
Start importing Assets/Scripts/Manager/ShakeSystem.cs using Guid(d43c67e74f1eb524ab1e7a304fbed781) Importer(815301076,1909f56bfc062723c751e8b465ee728b)  -> (artifact id: 'b5a47d3a574f970c877c681a245c7def') in 0.028181 seconds 
========================================================================
Received Prepare
Registering precompiled user dll's ...
Registered in 0.007957 seconds.
Begin MonoManager ReloadAssembly
Native extension for WindowsStandalone target not found
Refreshing native plugins compatible for Editor in 1.76 ms, found 2 plugins.
Preloading 0 native plugins for Editor in 0.00 ms.
Mono: successfully reloaded assembly
- Completed reload, in  2.934 seconds
Platform modules already initialized, skipping
Refreshing native plugins compatible for Editor in 1.96 ms, found 2 plugins.
Preloading 0 native plugins for Editor in 0.00 ms.
Unloading 3533 Unused Serialized files (Serialized files now loaded: 0)
System memory in use before: 141.9 MB.
System memory in use after: 142.1 MB.

Unloading 16 unused Assets to reduce memory usage. Loaded Objects now: 4145.
Total: 8.570700 ms (FindLiveObjects: 0.765200 ms CreateObjectMapping: 0.665600 ms MarkObjects: 6.986700 ms  DeleteObjects: 0.149200 ms)

========================================================================
Received Prepare
Registering precompiled user dll's ...
Registered in 0.005899 seconds.
Begin MonoManager ReloadAssembly
Native extension for WindowsStandalone target not found
Refreshing native plugins compatible for Editor in 1.30 ms, found 2 plugins.
Preloading 0 native plugins for Editor in 0.00 ms.
Mono: successfully reloaded assembly
- Completed reload, in  2.581 seconds
Platform modules already initialized, skipping
Refreshing native plugins compatible for Editor in 1.87 ms, found 2 plugins.
Preloading 0 native plugins for Editor in 0.00 ms.
Unloading 3533 Unused Serialized files (Serialized files now loaded: 0)
System memory in use before: 141.9 MB.
System memory in use after: 142.1 MB.

Unloading 15 unused Assets to reduce memory usage. Loaded Objects now: 4147.
Total: 5.230800 ms (FindLiveObjects: 0.410200 ms CreateObjectMapping: 0.293400 ms MarkObjects: 4.421900 ms  DeleteObjects: 0.102700 ms)

========================================================================
Received Prepare
Registering precompiled user dll's ...
Registered in 0.008374 seconds.
Begin MonoManager ReloadAssembly
Native extension for WindowsStandalone target not found
Refreshing native plugins compatible for Editor in 4.70 ms, found 2 plugins.
Preloading 0 native plugins for Editor in 0.00 ms.
Mono: successfully reloaded assembly
- Completed reload, in  3.379 seconds
Platform modules already initialized, skipping
Refreshing native plugins compatible for Editor in 3.01 ms, found 2 plugins.
Preloading 0 native plugins for Editor in 0.00 ms.
Unloading 3533 Unused Serialized files (Serialized files now loaded: 0)
System memory in use before: 142.0 MB.
System memory in use after: 142.1 MB.

Unloading 15 unused Assets to reduce memory usage. Loaded Objects now: 4149.
Total: 11.506900 ms (FindLiveObjects: 0.841400 ms CreateObjectMapping: 0.616500 ms MarkObjects: 9.921400 ms  DeleteObjects: 0.123600 ms)

========================================================================
Received Prepare
Registering precompiled user dll's ...
Registered in 0.006776 seconds.
Begin MonoManager ReloadAssembly
Native extension for WindowsStandalone target not found
Refreshing native plugins compatible for Editor in 1.04 ms, found 2 plugins.
Preloading 0 native plugins for Editor in 0.00 ms.
Mono: successfully reloaded assembly
- Completed reload, in  2.656 seconds
Platform modules already initialized, skipping
Refreshing native plugins compatible for Editor in 1.75 ms, found 2 plugins.
Preloading 0 native plugins for Editor in 0.00 ms.
Unloading 3533 Unused Serialized files (Serialized files now loaded: 0)
System memory in use before: 142.0 MB.
System memory in use after: 142.2 MB.

Unloading 15 unused Assets to reduce memory usage. Loaded Objects now: 4151.
Total: 8.786200 ms (FindLiveObjects: 0.824000 ms CreateObjectMapping: 0.959800 ms MarkObjects: 6.863900 ms  DeleteObjects: 0.135800 ms)

========================================================================
Received Import Request.
  Time since last request: 1017.953233 seconds.
  path: Assets/Sprites/Peord
  artifactKey: Guid(31f5339088419624eb3bcaf8be64c7c6) Importer(815301076,1909f56bfc062723c751e8b465ee728b)
Start importing Assets/Sprites/Peord using Guid(31f5339088419624eb3bcaf8be64c7c6) Importer(815301076,1909f56bfc062723c751e8b465ee728b)  -> (artifact id: '87d498553ef72d9d377766321e299043') in 0.024750 seconds 
========================================================================
Received Import Request.
  Time since last request: 0.745544 seconds.
  path: Assets/Sprites/Peord/Idle
  artifactKey: Guid(c0356307d6c5fc44cba4a1f7358f6a77) Importer(815301076,1909f56bfc062723c751e8b465ee728b)
Start importing Assets/Sprites/Peord/Idle using Guid(c0356307d6c5fc44cba4a1f7358f6a77) Importer(815301076,1909f56bfc062723c751e8b465ee728b)  -> (artifact id: 'b1cf99e7a53c9e7e45cae3b3e2dfd243') in 0.005528 seconds 
========================================================================
Received Prepare
Registering precompiled user dll's ...
Registered in 0.006039 seconds.
Begin MonoManager ReloadAssembly
Native extension for WindowsStandalone target not found
Refreshing native plugins compatible for Editor in 1.20 ms, found 2 plugins.
Preloading 0 native plugins for Editor in 0.00 ms.
Mono: successfully reloaded assembly
- Completed reload, in  2.142 seconds
Platform modules already initialized, skipping
Refreshing native plugins compatible for Editor in 1.86 ms, found 2 plugins.
Preloading 0 native plugins for Editor in 0.00 ms.
Unloading 3533 Unused Serialized files (Serialized files now loaded: 0)
System memory in use before: 142.0 MB.
System memory in use after: 142.2 MB.

Unloading 15 unused Assets to reduce memory usage. Loaded Objects now: 4153.
Total: 7.066300 ms (FindLiveObjects: 0.660700 ms CreateObjectMapping: 0.463900 ms MarkObjects: 5.825900 ms  DeleteObjects: 0.113200 ms)

========================================================================
Received Import Request.
  Time since last request: 69.303036 seconds.
  path: Assets/Sprites/Peord/Idle/SpriteSheet - Peord Idle (Static).png
  artifactKey: Guid(3d1ee83740ab9824b926e58729a73598) Importer(815301076,1909f56bfc062723c751e8b465ee728b)
Start importing Assets/Sprites/Peord/Idle/SpriteSheet - Peord Idle (Static).png using Guid(3d1ee83740ab9824b926e58729a73598) Importer(815301076,1909f56bfc062723c751e8b465ee728b)  -> (artifact id: 'f268f9bdf34909a81451e30492a53060') in 0.142758 seconds 
========================================================================
Received Import Request.
  Time since last request: 26.789394 seconds.
  path: Assets/Animation/Peord/PeordController.controller
  artifactKey: Guid(fa73beaa605cae54280dc7ae98bccf51) Importer(815301076,1909f56bfc062723c751e8b465ee728b)
Start importing Assets/Animation/Peord/PeordController.controller using Guid(fa73beaa605cae54280dc7ae98bccf51) Importer(815301076,1909f56bfc062723c751e8b465ee728b)  -> (artifact id: '820a6bf586f8a317612e4c277bd60a43') in 0.031907 seconds 
========================================================================
Received Import Request.
  Time since last request: 48.995563 seconds.
  path: Assets/Sprites/Peord/Idle/Player1.controller
  artifactKey: Guid(2892e45e31dae704eb11823447e4e9fb) Importer(815301076,1909f56bfc062723c751e8b465ee728b)
Start importing Assets/Sprites/Peord/Idle/Player1.controller using Guid(2892e45e31dae704eb11823447e4e9fb) Importer(815301076,1909f56bfc062723c751e8b465ee728b)  -> (artifact id: 'e7dc48409ad8d4f0e70427c82bf8d074') in 0.019969 seconds 
========================================================================
Received Import Request.
  Time since last request: 6.224554 seconds.
  path: Assets/Sprites/Peord/Idle/Peord_Idle.anim
  artifactKey: Guid(171c69cb2972d25468d2d0418e712626) Importer(815301076,1909f56bfc062723c751e8b465ee728b)
Start importing Assets/Sprites/Peord/Idle/Peord_Idle.anim using Guid(171c69cb2972d25468d2d0418e712626) Importer(815301076,1909f56bfc062723c751e8b465ee728b)  -> (artifact id: '9b60a9537064af16e9776ce73fa60ed1') in 0.022238 seconds 
========================================================================
Received Prepare
Registering precompiled user dll's ...
Registered in 0.006278 seconds.
Begin MonoManager ReloadAssembly
Native extension for WindowsStandalone target not found
Refreshing native plugins compatible for Editor in 1.56 ms, found 2 plugins.
Preloading 0 native plugins for Editor in 0.00 ms.
Mono: successfully reloaded assembly
- Completed reload, in  2.314 seconds
Platform modules already initialized, skipping
Refreshing native plugins compatible for Editor in 1.71 ms, found 2 plugins.
Preloading 0 native plugins for Editor in 0.00 ms.
Unloading 3534 Unused Serialized files (Serialized files now loaded: 0)
System memory in use before: 142.5 MB.
System memory in use after: 142.7 MB.

Unloading 15 unused Assets to reduce memory usage. Loaded Objects now: 4171.
Total: 5.219600 ms (FindLiveObjects: 0.511000 ms CreateObjectMapping: 0.426600 ms MarkObjects: 4.166200 ms  DeleteObjects: 0.113200 ms)

========================================================================
Received Import Request.
  Time since last request: 425.034599 seconds.
  path: Assets/Sprites/Peord/Idle/Peord_Idle.anim
  artifactKey: Guid(bc33c474b20717048adec7dd95342ad3) Importer(815301076,1909f56bfc062723c751e8b465ee728b)
Start importing Assets/Sprites/Peord/Idle/Peord_Idle.anim using Guid(bc33c474b20717048adec7dd95342ad3) Importer(815301076,1909f56bfc062723c751e8b465ee728b)  -> (artifact id: '0a1fe1f0e0266dd950c7e49f3862db02') in 0.024497 seconds 
========================================================================
Received Import Request.
  Time since last request: 105.879123 seconds.
  path: Assets/Animation/Peord/SpriteSheet - Peord Idle (Static)_0.controller
  artifactKey: Guid(d72131e282406b746b1ccdb38834386f) Importer(815301076,1909f56bfc062723c751e8b465ee728b)
Start importing Assets/Animation/Peord/SpriteSheet - Peord Idle (Static)_0.controller using Guid(d72131e282406b746b1ccdb38834386f) Importer(815301076,1909f56bfc062723c751e8b465ee728b)  -> (artifact id: 'f7f335bc428e355fda69e22b100feef6') in 0.023196 seconds 
========================================================================
Received Import Request.
  Time since last request: 4.089030 seconds.
  path: Assets/Animation/Peord/Peord_Idle.anim
  artifactKey: Guid(171c69cb2972d25468d2d0418e712626) Importer(815301076,1909f56bfc062723c751e8b465ee728b)
Start importing Assets/Animation/Peord/Peord_Idle.anim using Guid(171c69cb2972d25468d2d0418e712626) Importer(815301076,1909f56bfc062723c751e8b465ee728b)  -> (artifact id: '3396cb7606453a259a829feee7feca0e') in 0.013417 seconds 
========================================================================
Received Prepare
Registering precompiled user dll's ...
Registered in 0.005869 seconds.
Begin MonoManager ReloadAssembly
Native extension for WindowsStandalone target not found
Refreshing native plugins compatible for Editor in 2.39 ms, found 2 plugins.
Preloading 0 native plugins for Editor in 0.00 ms.
Mono: successfully reloaded assembly
- Completed reload, in  2.368 seconds
Platform modules already initialized, skipping
Refreshing native plugins compatible for Editor in 2.16 ms, found 2 plugins.
Preloading 0 native plugins for Editor in 0.00 ms.
Unloading 3533 Unused Serialized files (Serialized files now loaded: 0)
System memory in use before: 142.4 MB.
System memory in use after: 142.6 MB.

Unloading 15 unused Assets to reduce memory usage. Loaded Objects now: 4173.
Total: 9.933200 ms (FindLiveObjects: 0.627400 ms CreateObjectMapping: 0.384600 ms MarkObjects: 8.760300 ms  DeleteObjects: 0.158200 ms)

========================================================================
Received Import Request.
  Time since last request: 723.226789 seconds.
  path: Assets/Assets/PSB/Textures
  artifactKey: Guid(dcd1df7df539dd645a59a5d308695abd) Importer(815301076,1909f56bfc062723c751e8b465ee728b)
Start importing Assets/Assets/PSB/Textures using Guid(dcd1df7df539dd645a59a5d308695abd) Importer(815301076,1909f56bfc062723c751e8b465ee728b)  -> (artifact id: '7a532ccd31b21a34c11d77263bac8878') in 0.022389 seconds 
========================================================================
Received Import Request.
  Time since last request: 624.913324 seconds.
  path: Assets/Assets/PSB/Textures/DesertAssets_Texture.psb
  artifactKey: Guid(1eadce5429f81bc4da9bca5cbc3f4f88) Importer(815301076,1909f56bfc062723c751e8b465ee728b)
Start importing Assets/Assets/PSB/Textures/DesertAssets_Texture.psb using Guid(1eadce5429f81bc4da9bca5cbc3f4f88) Importer(815301076,1909f56bfc062723c751e8b465ee728b)  -> (artifact id: 'b76d62618cd73633dc6321186559214c') in 0.320054 seconds 
========================================================================
Received Import Request.
  Time since last request: 0.000377 seconds.
  path: Assets/Assets/PSB/Textures/SeveralAssets_Texture.psb
  artifactKey: Guid(79b3c2ac3513c8d4fbf369d143201eb0) Importer(815301076,1909f56bfc062723c751e8b465ee728b)
Start importing Assets/Assets/PSB/Textures/SeveralAssets_Texture.psb using Guid(79b3c2ac3513c8d4fbf369d143201eb0) Importer(815301076,1909f56bfc062723c751e8b465ee728b)  -> (artifact id: 'c6044bf1582bc742ac74fe8f0abb7750') in 0.203790 seconds 
========================================================================
Received Import Request.
  Time since last request: 0.000345 seconds.
  path: Assets/Assets/PSB/Textures/Sky.jpg
  artifactKey: Guid(79d13ccc3465989499b5753d2ddf94fd) Importer(815301076,1909f56bfc062723c751e8b465ee728b)
Start importing Assets/Assets/PSB/Textures/Sky.jpg using Guid(79d13ccc3465989499b5753d2ddf94fd) Importer(815301076,1909f56bfc062723c751e8b465ee728b)  -> (artifact id: '08445db02fad3cb8441cf1d95c3510be') in 0.156340 seconds 
========================================================================
Received Import Request.
  Time since last request: 0.000326 seconds.
  path: Assets/Assets/PSB/Textures/WormAssets_Texture.psb
  artifactKey: Guid(b6fcca8e62198174a9fab46b18f59a8e) Importer(815301076,1909f56bfc062723c751e8b465ee728b)
Start importing Assets/Assets/PSB/Textures/WormAssets_Texture.psb using Guid(b6fcca8e62198174a9fab46b18f59a8e) Importer(815301076,1909f56bfc062723c751e8b465ee728b)  -> (artifact id: 'dced8e452e979702ac64b2993b66e1e7') in 0.150604 seconds 
AssetImportWorkerClient::OnTransportError - code=2 error=End of file
